<?xml version="1.0" encoding="UTF-8"?>
<testsuite name="com.mysite.mysite.MysiteApplicationTests" tests="1" skipped="0" failures="0" errors="0" timestamp="2022-11-23T23:55:56" hostname="DESKTOP-FTHCCLA" time="0.152">
  <properties/>
  <testcase name="contextLoads()" classname="com.mysite.mysite.MysiteApplicationTests" time="0.152"/>
  <system-out><![CDATA[18:55:53.373 [Test worker] DEBUG org.springframework.test.context.BootstrapUtils - Instantiating CacheAwareContextLoaderDelegate from class [org.springframework.test.context.cache.DefaultCacheAwareContextLoaderDelegate]
18:55:53.380 [Test worker] DEBUG org.springframework.test.context.BootstrapUtils - Instantiating BootstrapContext using constructor [public org.springframework.test.context.support.DefaultBootstrapContext(java.lang.Class,org.springframework.test.context.CacheAwareContextLoaderDelegate)]
18:55:53.400 [Test worker] DEBUG org.springframework.test.context.BootstrapUtils - Instantiating TestContextBootstrapper for test class [com.mysite.mysite.MysiteApplicationTests] from class [org.springframework.boot.test.context.SpringBootTestContextBootstrapper]
18:55:53.406 [Test worker] INFO org.springframework.boot.test.context.SpringBootTestContextBootstrapper - Neither @ContextConfiguration nor @ContextHierarchy found for test class [com.mysite.mysite.MysiteApplicationTests], using SpringBootContextLoader
18:55:53.409 [Test worker] DEBUG org.springframework.test.context.support.AbstractContextLoader - Did not detect default resource location for test class [com.mysite.mysite.MysiteApplicationTests]: class path resource [com/mysite/mysite/MysiteApplicationTests-context.xml] does not exist
18:55:53.409 [Test worker] DEBUG org.springframework.test.context.support.AbstractContextLoader - Did not detect default resource location for test class [com.mysite.mysite.MysiteApplicationTests]: class path resource [com/mysite/mysite/MysiteApplicationTestsContext.groovy] does not exist
18:55:53.409 [Test worker] INFO org.springframework.test.context.support.AbstractContextLoader - Could not detect default resource locations for test class [com.mysite.mysite.MysiteApplicationTests]: no resource found for suffixes {-context.xml, Context.groovy}.
18:55:53.410 [Test worker] INFO org.springframework.test.context.support.AnnotationConfigContextLoaderUtils - Could not detect default configuration classes for test class [com.mysite.mysite.MysiteApplicationTests]: MysiteApplicationTests does not declare any static, non-private, non-final, nested classes annotated with @Configuration.
18:55:53.438 [Test worker] DEBUG org.springframework.test.context.support.ActiveProfilesUtils - Could not find an 'annotation declaring class' for annotation type [org.springframework.test.context.ActiveProfiles] and class [com.mysite.mysite.MysiteApplicationTests]
18:55:53.478 [Test worker] DEBUG org.springframework.context.annotation.ClassPathScanningCandidateComponentProvider - Identified candidate component class: file [/home/alex/code/apps/mysite/build/classes/java/main/com/mysite/mysite/MysiteApplication.class]
18:55:53.479 [Test worker] INFO org.springframework.boot.test.context.SpringBootTestContextBootstrapper - Found @SpringBootConfiguration com.mysite.mysite.MysiteApplication for test class com.mysite.mysite.MysiteApplicationTests
18:55:53.545 [Test worker] DEBUG org.springframework.boot.test.context.SpringBootTestContextBootstrapper - @TestExecutionListeners is not present for class [com.mysite.mysite.MysiteApplicationTests]: using defaults.
18:55:53.545 [Test worker] INFO org.springframework.boot.test.context.SpringBootTestContextBootstrapper - Loaded default TestExecutionListener class names from location [META-INF/spring.factories]: [org.springframework.boot.test.autoconfigure.restdocs.RestDocsTestExecutionListener, org.springframework.boot.test.autoconfigure.web.client.MockRestServiceServerResetTestExecutionListener, org.springframework.boot.test.autoconfigure.web.servlet.MockMvcPrintOnlyOnFailureTestExecutionListener, org.springframework.boot.test.autoconfigure.web.servlet.WebDriverTestExecutionListener, org.springframework.boot.test.autoconfigure.webservices.client.MockWebServiceServerTestExecutionListener, org.springframework.boot.test.mock.mockito.MockitoTestExecutionListener, org.springframework.boot.test.mock.mockito.ResetMocksTestExecutionListener, org.springframework.test.context.web.ServletTestExecutionListener, org.springframework.test.context.support.DirtiesContextBeforeModesTestExecutionListener, org.springframework.test.context.event.ApplicationEventsTestExecutionListener, org.springframework.test.context.support.DependencyInjectionTestExecutionListener, org.springframework.test.context.support.DirtiesContextTestExecutionListener, org.springframework.test.context.transaction.TransactionalTestExecutionListener, org.springframework.test.context.jdbc.SqlScriptsTestExecutionListener, org.springframework.test.context.event.EventPublishingTestExecutionListener]
18:55:53.556 [Test worker] INFO org.springframework.boot.test.context.SpringBootTestContextBootstrapper - Using TestExecutionListeners: [org.springframework.test.context.web.ServletTestExecutionListener@5b40ceb, org.springframework.test.context.support.DirtiesContextBeforeModesTestExecutionListener@13c3c1e1, org.springframework.test.context.event.ApplicationEventsTestExecutionListener@1d8062d2, org.springframework.boot.test.mock.mockito.MockitoTestExecutionListener@1e63ec0b, org.springframework.boot.test.autoconfigure.SpringBootDependencyInjectionTestExecutionListener@3b956878, org.springframework.test.context.support.DirtiesContextTestExecutionListener@36546a22, org.springframework.test.context.transaction.TransactionalTestExecutionListener@285c08c8, org.springframework.test.context.jdbc.SqlScriptsTestExecutionListener@295eaa7c, org.springframework.test.context.event.EventPublishingTestExecutionListener@3918c187, org.springframework.boot.test.autoconfigure.restdocs.RestDocsTestExecutionListener@2c88b9fc, org.springframework.boot.test.autoconfigure.web.client.MockRestServiceServerResetTestExecutionListener@64dafeed, org.springframework.boot.test.autoconfigure.web.servlet.MockMvcPrintOnlyOnFailureTestExecutionListener@388ba540, org.springframework.boot.test.autoconfigure.web.servlet.WebDriverTestExecutionListener@47605f2f, org.springframework.boot.test.autoconfigure.webservices.client.MockWebServiceServerTestExecutionListener@2ece4966, org.springframework.boot.test.mock.mockito.ResetMocksTestExecutionListener@1dd0e7c4]
18:55:53.558 [Test worker] DEBUG org.springframework.test.context.support.AbstractDirtiesContextTestExecutionListener - Before test class: context [DefaultTestContext@5b057c8c testClass = MysiteApplicationTests, testInstance = [null], testMethod = [null], testException = [null], mergedContextConfiguration = [WebMergedContextConfiguration@1eb6749b testClass = MysiteApplicationTests, locations = '{}', classes = '{class com.mysite.mysite.MysiteApplication}', contextInitializerClasses = '[]', activeProfiles = '{}', propertySourceLocations = '{}', propertySourceProperties = '{org.springframework.boot.test.context.SpringBootTestContextBootstrapper=true}', contextCustomizers = set[org.springframework.boot.test.autoconfigure.actuate.metrics.MetricsExportContextCustomizerFactory$DisableMetricExportContextCustomizer@481ba2cf, org.springframework.boot.test.autoconfigure.properties.PropertyMappingContextCustomizer@0, org.springframework.boot.test.autoconfigure.web.servlet.WebDriverContextCustomizerFactory$Customizer@68702e03, org.springframework.boot.test.context.filter.ExcludeFilterContextCustomizer@338c99c8, org.springframework.boot.test.json.DuplicateJsonObjectContextCustomizerFactory$DuplicateJsonObjectContextCustomizer@2796aeae, org.springframework.boot.test.mock.mockito.MockitoContextCustomizer@0, org.springframework.boot.test.web.client.TestRestTemplateContextCustomizer@27216cd, org.springframework.boot.test.context.SpringBootTestArgs@1, org.springframework.boot.test.context.SpringBootTestWebEnvironment@58ea606c], resourceBasePath = 'src/main/webapp', contextLoader = 'org.springframework.boot.test.context.SpringBootContextLoader', parent = [null]], attributes = map['org.springframework.test.context.web.ServletTestExecutionListener.activateListener' -> true]], class annotated with @DirtiesContext [false] with mode [null].

  .   ____          _            __ _ _
 /\\ / ___'_ __ _ _(_)_ __  __ _ \ \ \ \
( ( )\___ | '_ | '_| | '_ \/ _` | \ \ \ \
 \\/  ___)| |_)| | | | | || (_| |  ) ) ) )
  '  |____| .__|_| |_|_| |_\__, | / / / /
 =========|_|==============|___/=/_/_/_/
 :: Spring Boot ::                (v2.7.3)

2022-11-23 18:55:53.796  INFO 17748 --- [    Test worker] c.mysite.mysite.MysiteApplicationTests   : Starting MysiteApplicationTests using Java 11.0.16 on DESKTOP-FTHCCLA with PID 17748 (started by alex in /home/alex/code/apps/mysite)
2022-11-23 18:55:53.798  INFO 17748 --- [    Test worker] c.mysite.mysite.MysiteApplicationTests   : No active profile set, falling back to 1 default profile: "default"
2022-11-23 18:55:54.308  INFO 17748 --- [    Test worker] .s.d.r.c.RepositoryConfigurationDelegate : Bootstrapping Spring Data JPA repositories in DEFAULT mode.
2022-11-23 18:55:54.317  INFO 17748 --- [    Test worker] .s.d.r.c.RepositoryConfigurationDelegate : Finished Spring Data repository scanning in 3 ms. Found 0 JPA repository interfaces.
2022-11-23 18:55:54.736  INFO 17748 --- [    Test worker] com.zaxxer.hikari.HikariDataSource       : HikariPool-1 - Starting...
2022-11-23 18:55:54.875  INFO 17748 --- [    Test worker] com.zaxxer.hikari.HikariDataSource       : HikariPool-1 - Start completed.
2022-11-23 18:55:54.923  INFO 17748 --- [    Test worker] o.hibernate.jpa.internal.util.LogHelper  : HHH000204: Processing PersistenceUnitInfo [name: default]
2022-11-23 18:55:54.974  INFO 17748 --- [    Test worker] org.hibernate.Version                    : HHH000412: Hibernate ORM core version 5.6.10.Final
2022-11-23 18:55:55.110  INFO 17748 --- [    Test worker] o.hibernate.annotations.common.Version   : HCANN000001: Hibernate Commons Annotations {5.1.2.Final}
2022-11-23 18:55:55.199  INFO 17748 --- [    Test worker] org.hibernate.dialect.Dialect            : HHH000400: Using dialect: org.hibernate.dialect.H2Dialect
2022-11-23 18:55:55.371  INFO 17748 --- [    Test worker] o.h.e.t.j.p.i.JtaPlatformInitiator       : HHH000490: Using JtaPlatform implementation: [org.hibernate.engine.transaction.jta.platform.internal.NoJtaPlatform]
2022-11-23 18:55:55.377  INFO 17748 --- [    Test worker] j.LocalContainerEntityManagerFactoryBean : Initialized JPA EntityManagerFactory for persistence unit 'default'
2022-11-23 18:55:55.545  WARN 17748 --- [    Test worker] JpaBaseConfiguration$JpaWebConfiguration : spring.jpa.open-in-view is enabled by default. Therefore, database queries may be performed during view rendering. Explicitly configure spring.jpa.open-in-view to disable this warning
2022-11-23 18:55:56.045  INFO 17748 --- [    Test worker] c.mysite.mysite.MysiteApplicationTests   : Started MysiteApplicationTests in 2.462 seconds (JVM running for 3.149)
]]></system-out>
  <system-err><![CDATA[]]></system-err>
</testsuite>
